c:\users\822\desktop\pg3\engine3d\engineexe\engineexe\debug\vc140.pdb
c:\users\822\desktop\pg3\engine3d\engineexe\engineexe\debug\vc140.idb
c:\users\822\desktop\pg3\engine3d\engineexe\engineexe\debug\enginetest.obj
c:\users\822\desktop\pg3\engine3d\engineexe\engineexe\debug\pacman.obj
c:\users\ale3p\desktop\pg3\engine3d\engineexe\engineexe\debug\vc140.pdb
c:\users\ale3p\desktop\pg3\engine3d\engineexe\engineexe\debug\vc140.idb
c:\users\ale3p\desktop\pg3\engine3d\engineexe\engineexe\debug\enginetest.obj
c:\users\822\desktop\pg3\engine3d\bugmachine\bin\win32\debug\engineexe.lib
c:\users\822\desktop\pg3\engine3d\bugmachine\bin\win32\debug\engineexe.exp
c:\users\822\desktop\pg3\engine3d\bugmachine\bin\win32\debug\engineexe.ilk
c:\users\822\desktop\pg3\engine3d\bugmachine\bin\win32\debug\engineexe.exe
c:\users\822\desktop\pg3\engine3d\bugmachine\bin\win32\debug\engineexe.pdb
c:\users\ale3p\desktop\pg3\engine3d\engineexe\engineexe\debug\pacman.obj
c:\users\ale3p\desktop\pg3\engine3d\bugmachine\..\bugmachine\bin\win32\debug\engineexe.pdb
c:\users\ale3p\desktop\pg3\engine3d\bugmachine\..\bugmachine\bin\win32\debug\engineexe.exe
c:\users\ale3p\desktop\pg3\engine3d\bugmachine\..\bugmachine\bin\win32\debug\engineexe.ilk
c:\users\ale3p\desktop\pg3\engine3d\engineexe\engineexe\debug\engineexe.tlog\cl.command.1.tlog
c:\users\ale3p\desktop\pg3\engine3d\engineexe\engineexe\debug\engineexe.tlog\cl.read.1.tlog
c:\users\ale3p\desktop\pg3\engine3d\engineexe\engineexe\debug\engineexe.tlog\cl.write.1.tlog
c:\users\ale3p\desktop\pg3\engine3d\engineexe\engineexe\debug\engineexe.tlog\engineexe.write.1u.tlog
c:\users\ale3p\desktop\pg3\engine3d\engineexe\engineexe\debug\engineexe.tlog\link.command.1.tlog
c:\users\ale3p\desktop\pg3\engine3d\engineexe\engineexe\debug\engineexe.tlog\link.read.1.tlog
c:\users\ale3p\desktop\pg3\engine3d\engineexe\engineexe\debug\engineexe.tlog\link.write.1.tlog
