c:\users\822\desktop\pg3\engine3d\bugmachine\bin\win32\debug\bugmachine.lib
c:\users\822\desktop\pg3\engine3d\bugmachine\bin\win32\debug\bugmachine.exp
c:\users\ale3p\desktop\pg3\engine3d\bugmachine\bin\win32\debug\bugmachine.lib
c:\users\ale3p\desktop\pg3\engine3d\bugmachine\bin\win32\debug\bugmachine.exp
c:\users\822\desktop\pg3\engine3d\bugmachine\tmp\win32\debug\vc140.pdb
c:\users\822\desktop\pg3\engine3d\bugmachine\tmp\win32\debug\vc140.idb
c:\users\822\desktop\pg3\engine3d\bugmachine\tmp\win32\debug\window.obj
c:\users\822\desktop\pg3\engine3d\bugmachine\tmp\win32\debug\pg1_directinput.obj
c:\users\822\desktop\pg3\engine3d\bugmachine\tmp\win32\debug\pg1_input.obj
c:\users\822\desktop\pg3\engine3d\bugmachine\tmp\win32\debug\pg1_timer.obj
c:\users\822\desktop\pg3\engine3d\bugmachine\tmp\win32\debug\camera.obj
c:\users\822\desktop\pg3\engine3d\bugmachine\tmp\win32\debug\frustum.obj
c:\users\822\desktop\pg3\engine3d\bugmachine\tmp\win32\debug\renderer.obj
c:\users\822\desktop\pg3\engine3d\bugmachine\tmp\win32\debug\text.obj
c:\users\822\desktop\pg3\engine3d\bugmachine\tmp\win32\debug\pg2_indexbuffer.obj
c:\users\822\desktop\pg3\engine3d\bugmachine\tmp\win32\debug\pg2_vertexbuffer.obj
c:\users\822\desktop\pg3\engine3d\bugmachine\tmp\win32\debug\engine.obj
c:\users\822\desktop\pg3\engine3d\bugmachine\tmp\win32\debug\entity3d.obj
c:\users\822\desktop\pg3\engine3d\bugmachine\tmp\win32\debug\game.obj
c:\users\822\desktop\pg3\engine3d\bugmachine\tmp\win32\debug\mesh.obj
c:\users\822\desktop\pg3\engine3d\bugmachine\tmp\win32\debug\node.obj
c:\users\822\desktop\pg3\engine3d\bugmachine\tmp\win32\debug\bspplane.obj
c:\users\822\desktop\pg3\engine3d\bugmachine\tmp\win32\debug\importador.obj
c:\users\ale3p\desktop\pg3\engine3d\bugmachine\tmp\win32\debug\vc140.pdb
c:\users\ale3p\desktop\pg3\engine3d\bugmachine\tmp\win32\debug\vc140.idb
c:\users\ale3p\desktop\pg3\engine3d\bugmachine\tmp\win32\debug\bspplane.obj
c:\users\ale3p\desktop\pg3\engine3d\bugmachine\tmp\win32\debug\camera.obj
c:\users\ale3p\desktop\pg3\engine3d\bugmachine\tmp\win32\debug\engine.obj
c:\users\ale3p\desktop\pg3\engine3d\bugmachine\tmp\win32\debug\entity3d.obj
c:\users\ale3p\desktop\pg3\engine3d\bugmachine\tmp\win32\debug\frustum.obj
c:\users\ale3p\desktop\pg3\engine3d\bugmachine\tmp\win32\debug\game.obj
c:\users\ale3p\desktop\pg3\engine3d\bugmachine\tmp\win32\debug\importador.obj
c:\users\ale3p\desktop\pg3\engine3d\bugmachine\tmp\win32\debug\mesh.obj
c:\users\ale3p\desktop\pg3\engine3d\bugmachine\tmp\win32\debug\node.obj
c:\users\ale3p\desktop\pg3\engine3d\bugmachine\tmp\win32\debug\pg1_directinput.obj
c:\users\ale3p\desktop\pg3\engine3d\bugmachine\tmp\win32\debug\pg1_input.obj
c:\users\ale3p\desktop\pg3\engine3d\bugmachine\tmp\win32\debug\pg1_timer.obj
c:\users\ale3p\desktop\pg3\engine3d\bugmachine\tmp\win32\debug\pg2_indexbuffer.obj
c:\users\ale3p\desktop\pg3\engine3d\bugmachine\tmp\win32\debug\pg2_vertexbuffer.obj
c:\users\ale3p\desktop\pg3\engine3d\bugmachine\tmp\win32\debug\renderer.obj
c:\users\ale3p\desktop\pg3\engine3d\bugmachine\tmp\win32\debug\text.obj
c:\users\ale3p\desktop\pg3\engine3d\bugmachine\tmp\win32\debug\window.obj
c:\users\822\desktop\pg3\engine3d\bugmachine\bin\win32\debug\bugmachine.ilk
c:\users\822\desktop\pg3\engine3d\bugmachine\bin\win32\debug\bugmachine.dll
c:\users\822\desktop\pg3\engine3d\bugmachine\bin\win32\debug\bugmachine.pdb
c:\users\ale3p\desktop\pg3\engine3d\bugmachine\bin\win32\debug\bugmachine.ilk
c:\users\ale3p\desktop\pg3\engine3d\bugmachine\bin\win32\debug\bugmachine.dll
c:\users\ale3p\desktop\pg3\engine3d\bugmachine\bin\win32\debug\bugmachine.pdb
c:\users\ale3p\desktop\pg3\engine3d\bugmachine\\bin\win32\debug\bugmachine.pdb
c:\users\ale3p\desktop\pg3\engine3d\bugmachine\\bin\win32\debug\bugmachine.dll
c:\users\ale3p\desktop\pg3\engine3d\bugmachine\\bin\win32\debug\bugmachine.ilk
c:\users\ale3p\desktop\pg3\engine3d\bugmachine\tmp\win32\debug\bugmachine.tlog\bugmachine.write.1u.tlog
c:\users\ale3p\desktop\pg3\engine3d\bugmachine\tmp\win32\debug\bugmachine.tlog\cl.command.1.tlog
c:\users\ale3p\desktop\pg3\engine3d\bugmachine\tmp\win32\debug\bugmachine.tlog\cl.read.1.tlog
c:\users\ale3p\desktop\pg3\engine3d\bugmachine\tmp\win32\debug\bugmachine.tlog\cl.write.1.tlog
c:\users\ale3p\desktop\pg3\engine3d\bugmachine\tmp\win32\debug\bugmachine.tlog\link.command.1.tlog
c:\users\ale3p\desktop\pg3\engine3d\bugmachine\tmp\win32\debug\bugmachine.tlog\link.read.1.tlog
c:\users\ale3p\desktop\pg3\engine3d\bugmachine\tmp\win32\debug\bugmachine.tlog\link.write.1.tlog
